producer_class	xtools.gsea.Gsea
producer_timestamp	1605884648879
param	zip_report	false
param	num	100
param	scoring_scheme	weighted
param	norm	meandiv
param	out	/Users/alonso/gsea_home/output/nov20
param	mode	Max_probe
param	include_only_symbols	true
param	set_max	500
param	gmx	ftp.broadinstitute.org://pub/gsea/gene_sets/h.all.v7.2.symbols.gmt
param	plot_top_x	20
param	nperm	1000
param	order	descending
param	rpt_label	my_analysis
param	rnd_seed	timestamp
param	set_min	15
param	res	/Users/alonso/Documents/GitHub/rnaseq/practico_rnaseq_de_conteos_normalizados.txt
param	chip	ftp.broadinstitute.org://pub/gsea/annotations_versioned/Human_RefSeq_Accession_MSigDB.v7.2.chip
param	create_svgs	false
param	cls	/Users/alonso/gsea_home/output/nov20/tumor_vs_non-tumor.cls#non-tumor_versus_tumor
param	sort	real
param	create_gcts	false
param	help	false
param	save_rnd_lists	false
param	median	false
param	metric	Signal2Noise
param	make_sets	true
param	rnd_type	no_balance
param	gui	false
param	permute	phenotype
param	collapse	No_Collapse

file	/Users/alonso/gsea_home/output/nov20/my_analysis.Gsea.1605884648879/index.html
